<?xml version="1.0" encoding="UTF-8"?>
<!-- Generated by org.testng.reporters.JUnitXMLReporter -->
<testsuite ignored="0" hostname="PQA-0591LT" failures="1" tests="1" name="PriceValidation" time="0.53" errors="0" timestamp="2023-07-13T19:44:11 EDT">
  <testcase classname="test.PriceValidation" name="BTC_ETH_PriceValidation" time="0.515">
    <failure type="java.lang.AssertionError" message="The following asserts failed:
	Test is failed expected [true] but found [false]">
      <![CDATA[java.lang.AssertionError: The following asserts failed:
Test is failed expected [true] but found [false]
at test.PriceValidation.BTC_ETH_PriceValidation(PriceValidation.java:40)
at java.base/java.util.ArrayList.forEach(ArrayList.java:1511)
... Removed 33 stack frames]]>
    </failure>
  </testcase> <!-- BTC_ETH_PriceValidation -->
</testsuite> <!-- PriceValidation -->
