<?xml version="1.0" encoding="UTF-8"?>
<testng-results ignored="0" total="4" passed="3" failed="1" skipped="0">
  <reporter-output>
  </reporter-output>
  <suite started-at="2023-07-13T19:44:08 EDT" name="Suite" finished-at="2023-07-13T19:44:12 EDT" duration-ms="4226">
    <groups>
    </groups>
    <test started-at="2023-07-13T19:44:08 EDT" name="PriceChangeValidation" finished-at="2023-07-13T19:44:11 EDT" duration-ms="2537">
      <class name="test.PriceChange_Validation">
        <test-method signature="PriceChangeValidation_24H()[pri:0, instance:test.PriceChange_Validation@318ba8c8]" started-at="2023-07-13T19:44:08 EDT" name="PriceChangeValidation_24H" finished-at="2023-07-13T19:44:11 EDT" duration-ms="2506" status="PASS">
          <reporter-output>
          </reporter-output>
        </test-method> <!-- PriceChangeValidation_24H -->
      </class> <!-- test.PriceChange_Validation -->
    </test> <!-- PriceChangeValidation -->
    <test started-at="2023-07-13T19:44:11 EDT" name="PriceValidation" finished-at="2023-07-13T19:44:11 EDT" duration-ms="530">
      <class name="test.PriceValidation">
        <test-method signature="BTC_ETH_PriceValidation()[pri:0, instance:test.PriceValidation@bef2d72]" started-at="2023-07-13T19:44:11 EDT" name="BTC_ETH_PriceValidation" finished-at="2023-07-13T19:44:11 EDT" duration-ms="515" status="FAIL">
          <exception class="java.lang.AssertionError">
            <message>
              <![CDATA[The following asserts failed:
Test is failed expected [true] but found [false]]]>
            </message>
            <full-stacktrace>
              <![CDATA[java.lang.AssertionError: The following asserts failed:
Test is failed expected [true] but found [false]
at org.testng.asserts.SoftAssert.assertAll(SoftAssert.java:46)
at org.testng.asserts.SoftAssert.assertAll(SoftAssert.java:30)
at test.PriceValidation.BTC_ETH_PriceValidation(PriceValidation.java:40)
at java.base/jdk.internal.reflect.NativeMethodAccessorImpl.invoke0(Native Method)
at java.base/jdk.internal.reflect.NativeMethodAccessorImpl.invoke(NativeMethodAccessorImpl.java:77)
at java.base/jdk.internal.reflect.DelegatingMethodAccessorImpl.invoke(DelegatingMethodAccessorImpl.java:43)
at java.base/java.lang.reflect.Method.invoke(Method.java:568)
at org.testng.internal.invokers.MethodInvocationHelper.invokeMethod(MethodInvocationHelper.java:139)
at org.testng.internal.invokers.TestInvoker.invokeMethod(TestInvoker.java:677)
at org.testng.internal.invokers.TestInvoker.invokeTestMethod(TestInvoker.java:221)
at org.testng.internal.invokers.MethodRunner.runInSequence(MethodRunner.java:50)
at org.testng.internal.invokers.TestInvoker$MethodInvocationAgent.invoke(TestInvoker.java:969)
at org.testng.internal.invokers.TestInvoker.invokeTestMethods(TestInvoker.java:194)
at org.testng.internal.invokers.TestMethodWorker.invokeTestMethods(TestMethodWorker.java:148)
at org.testng.internal.invokers.TestMethodWorker.run(TestMethodWorker.java:128)
at java.base/java.util.ArrayList.forEach(ArrayList.java:1511)
at org.testng.TestRunner.privateRun(TestRunner.java:829)
at org.testng.TestRunner.run(TestRunner.java:602)
at org.testng.SuiteRunner.runTest(SuiteRunner.java:437)
at org.testng.SuiteRunner.runSequentially(SuiteRunner.java:431)
at org.testng.SuiteRunner.privateRun(SuiteRunner.java:391)
at org.testng.SuiteRunner.run(SuiteRunner.java:330)
at org.testng.SuiteRunnerWorker.runSuite(SuiteRunnerWorker.java:52)
at org.testng.SuiteRunnerWorker.run(SuiteRunnerWorker.java:95)
at org.testng.TestNG.runSuitesSequentially(TestNG.java:1256)
at org.testng.TestNG.runSuitesLocally(TestNG.java:1176)
at org.testng.TestNG.runSuites(TestNG.java:1099)
at org.testng.TestNG.run(TestNG.java:1067)
at org.apache.maven.surefire.testng.TestNGExecutor.run(TestNGExecutor.java:283)
at org.apache.maven.surefire.testng.TestNGXmlTestSuite.execute(TestNGXmlTestSuite.java:75)
at org.apache.maven.surefire.testng.TestNGProvider.invoke(TestNGProvider.java:120)
at org.apache.maven.surefire.booter.ForkedBooter.invokeProviderInSameClassLoader(ForkedBooter.java:384)
at org.apache.maven.surefire.booter.ForkedBooter.runSuitesInProcess(ForkedBooter.java:345)
at org.apache.maven.surefire.booter.ForkedBooter.execute(ForkedBooter.java:126)
at org.apache.maven.surefire.booter.ForkedBooter.main(ForkedBooter.java:418)
]]>
            </full-stacktrace>
          </exception> <!-- java.lang.AssertionError -->
          <reporter-output>
          </reporter-output>
        </test-method> <!-- BTC_ETH_PriceValidation -->
      </class> <!-- test.PriceValidation -->
    </test> <!-- PriceValidation -->
    <test started-at="2023-07-13T19:44:11 EDT" name="Filter_BTC_ETH" finished-at="2023-07-13T19:44:12 EDT" duration-ms="411">
      <class name="test.Filter_BTC_ETH_Assets">
        <test-method signature="FilterAssests()[pri:0, instance:test.Filter_BTC_ETH_Assets@659a969b]" started-at="2023-07-13T19:44:11 EDT" name="FilterAssests" finished-at="2023-07-13T19:44:12 EDT" duration-ms="409" status="PASS">
          <reporter-output>
          </reporter-output>
        </test-method> <!-- FilterAssests -->
      </class> <!-- test.Filter_BTC_ETH_Assets -->
    </test> <!-- Filter_BTC_ETH -->
    <test started-at="2023-07-13T19:44:12 EDT" name="SchemaValidation" finished-at="2023-07-13T19:44:12 EDT" duration-ms="706">
      <class name="test.SchemaValidation">
        <test-method signature="ValidateSchema()[pri:0, instance:test.SchemaValidation@3d680b5a]" started-at="2023-07-13T19:44:12 EDT" name="ValidateSchema" finished-at="2023-07-13T19:44:12 EDT" duration-ms="705" status="PASS">
          <reporter-output>
          </reporter-output>
        </test-method> <!-- ValidateSchema -->
      </class> <!-- test.SchemaValidation -->
    </test> <!-- SchemaValidation -->
  </suite> <!-- Suite -->
</testng-results>
